<?xml version="1.0" encoding="UTF-8"?>
<testng-results ignored="0" total="1" passed="1" failed="0" skipped="0">
  <reporter-output>
  </reporter-output>
  <suite started-at="2024-07-08T15:39:52 IST" name="Suite" finished-at="2024-07-08T15:40:01 IST" duration-ms="8644">
    <groups>
    </groups>
    <test started-at="2024-07-08T15:39:52 IST" name="Test" finished-at="2024-07-08T15:40:01 IST" duration-ms="8644">
      <class name="Mpack.OneTest">
        <test-method signature="sample()[pri:0, instance:Mpack.OneTest@40ef3420]" started-at="2024-07-08T15:39:52 IST" name="sample" finished-at="2024-07-08T15:40:01 IST" duration-ms="8439" status="PASS">
          <reporter-output>
          </reporter-output>
        </test-method> <!-- sample -->
        <test-method is-config="true" signature="sample1()[pri:0, instance:Mpack.OneTest@40ef3420]" started-at="2024-07-08T15:40:01 IST" name="sample1" finished-at="2024-07-08T15:40:01 IST" duration-ms="152" status="PASS">
          <reporter-output>
          </reporter-output>
        </test-method> <!-- sample1 -->
      </class> <!-- Mpack.OneTest -->
    </test> <!-- Test -->
  </suite> <!-- Suite -->
</testng-results>
