<?xml version="1.0" encoding="UTF-8"?>
<testng-results ignored="0" total="1" passed="1" failed="0" skipped="0">
  <reporter-output>
  </reporter-output>
  <suite started-at="2024-07-16T13:23:56 IST" name="Default suite" finished-at="2024-07-16T13:24:11 IST" duration-ms="15114">
    <groups>
    </groups>
    <test started-at="2024-07-16T13:23:56 IST" name="Default test" finished-at="2024-07-16T13:24:11 IST" duration-ms="15114">
      <class name="Mpack.OneTest">
        <test-method signature="Sample()[pri:0, instance:Mpack.OneTest@30c15d8b]" started-at="2024-07-16T13:23:56 IST" name="Sample" finished-at="2024-07-16T13:24:06 IST" duration-ms="9804" status="PASS">
          <reporter-output>
          </reporter-output>
        </test-method> <!-- Sample -->
        <test-method is-config="true" signature="samplee()[pri:0, instance:Mpack.OneTest@30c15d8b]" started-at="2024-07-16T13:24:06 IST" name="samplee" finished-at="2024-07-16T13:24:11 IST" duration-ms="5236" status="PASS">
          <reporter-output>
          </reporter-output>
        </test-method> <!-- samplee -->
      </class> <!-- Mpack.OneTest -->
    </test> <!-- Default test -->
  </suite> <!-- Default suite -->
</testng-results>
